[2019-10-12T06:53:11.037] [INFO] default - WoA7kYr7L7ZBq3OUeBe5yHoqR9V2
[2019-10-12T06:53:11.041] [INFO] default - iceman.morioka@gmail.com
[2019-10-12T06:53:39.586] [INFO] default - WoA7kYr7L7ZBq3OUeBe5yHoqR9V2
[2019-10-12T06:53:39.599] [INFO] default - iceman.morioka@gmail.com
[2019-10-12T06:53:57.230] [INFO] default - WoA7kYr7L7ZBq3OUeBe5yHoqR9V2
[2019-10-12T06:53:57.231] [INFO] default - iceman.morioka@gmail.com
[2019-10-12T07:10:53.610] [INFO] default - WoA7kYr7L7ZBq3OUeBe5yHoqR9V2
[2019-10-12T07:10:53.610] [INFO] default - iceman.morioka@gmail.com
[2019-10-12T07:13:19.610] [INFO] default - WoA7kYr7L7ZBq3OUeBe5yHoqR9V2
[2019-10-12T07:13:19.611] [INFO] default - iceman.morioka@gmail.com
[2019-10-12T07:13:58.536] [INFO] default - WoA7kYr7L7ZBq3OUeBe5yHoqR9V2
[2019-10-12T07:13:58.536] [INFO] default - iceman.morioka@gmail.com
[2019-10-12T07:15:54.052] [INFO] default - WoA7kYr7L7ZBq3OUeBe5yHoqR9V2
[2019-10-12T07:15:54.053] [INFO] default - iceman.morioka@gmail.com
[2019-10-12T07:15:58.620] [INFO] default - WoA7kYr7L7ZBq3OUeBe5yHoqR9V2
[2019-10-12T07:15:58.620] [INFO] default - iceman.morioka@gmail.com
[2019-10-12T07:22:46.029] [INFO] default - WoA7kYr7L7ZBq3OUeBe5yHoqR9V2
[2019-10-12T07:22:46.029] [INFO] default - iceman.morioka@gmail.com
[2019-10-12T07:35:06.653] [INFO] default - WoA7kYr7L7ZBq3OUeBe5yHoqR9V2
[2019-10-12T07:35:06.654] [INFO] default - iceman.morioka@gmail.com
[2019-10-12T07:36:05.048] [INFO] default - WoA7kYr7L7ZBq3OUeBe5yHoqR9V2
[2019-10-12T07:36:05.048] [INFO] default - iceman.morioka@gmail.com
[2019-10-12T07:43:42.694] [INFO] default - WoA7kYr7L7ZBq3OUeBe5yHoqR9V2
[2019-10-12T07:43:42.694] [INFO] default - iceman.morioka@gmail.com
[2019-10-12T07:46:10.569] [INFO] default - WoA7kYr7L7ZBq3OUeBe5yHoqR9V2
[2019-10-12T07:46:10.573] [INFO] default - iceman.morioka@gmail.com
[2019-10-12T07:47:05.137] [INFO] default - WoA7kYr7L7ZBq3OUeBe5yHoqR9V2
[2019-10-12T07:47:05.137] [INFO] default - iceman.morioka@gmail.com
[2019-10-12T07:54:29.862] [INFO] default - WoA7kYr7L7ZBq3OUeBe5yHoqR9V2
[2019-10-12T07:54:29.862] [INFO] default - iceman.morioka@gmail.com
[2019-10-12T07:59:55.360] [INFO] default - WoA7kYr7L7ZBq3OUeBe5yHoqR9V2
[2019-10-12T07:59:55.360] [INFO] default - iceman.morioka@gmail.com
[2019-10-12T08:00:48.306] [INFO] default - WoA7kYr7L7ZBq3OUeBe5yHoqR9V2
[2019-10-12T08:00:48.306] [INFO] default - iceman.morioka@gmail.com
[2019-10-12T08:02:25.510] [INFO] default - WoA7kYr7L7ZBq3OUeBe5yHoqR9V2
[2019-10-12T08:02:25.511] [INFO] default - iceman.morioka@gmail.com
[2019-10-12T08:03:47.668] [INFO] default - WoA7kYr7L7ZBq3OUeBe5yHoqR9V2
[2019-10-12T08:03:47.668] [INFO] default - iceman.morioka@gmail.com
[2019-10-12T08:21:50.159] [INFO] default - WoA7kYr7L7ZBq3OUeBe5yHoqR9V2
[2019-10-12T08:21:50.161] [INFO] default - iceman.morioka@gmail.com
[2019-10-12T08:30:39.235] [INFO] default - WoA7kYr7L7ZBq3OUeBe5yHoqR9V2
[2019-10-12T08:30:39.236] [INFO] default - iceman.morioka@gmail.com
[2019-10-12T08:31:24.571] [INFO] default - WoA7kYr7L7ZBq3OUeBe5yHoqR9V2
[2019-10-12T08:31:24.571] [INFO] default - iceman.morioka@gmail.com
[2019-10-12T08:36:12.604] [INFO] default - WoA7kYr7L7ZBq3OUeBe5yHoqR9V2
[2019-10-12T08:36:12.609] [INFO] default - iceman.morioka@gmail.com
[2019-10-12T08:36:21.769] [INFO] default - WoA7kYr7L7ZBq3OUeBe5yHoqR9V2
[2019-10-12T08:36:21.770] [INFO] default - iceman.morioka@gmail.com
[2019-10-12T08:38:21.852] [INFO] default - WoA7kYr7L7ZBq3OUeBe5yHoqR9V2
[2019-10-12T08:38:21.852] [INFO] default - iceman.morioka@gmail.com
[2019-10-12T09:26:16.735] [INFO] default - WoA7kYr7L7ZBq3OUeBe5yHoqR9V2
[2019-10-12T09:26:16.738] [INFO] default - iceman.morioka@gmail.com
[2019-10-12T09:28:50.803] [INFO] default - WoA7kYr7L7ZBq3OUeBe5yHoqR9V2
[2019-10-12T09:28:50.804] [INFO] default - iceman.morioka@gmail.com
[2019-10-12T09:30:38.213] [INFO] default - WoA7kYr7L7ZBq3OUeBe5yHoqR9V2
[2019-10-12T09:30:38.213] [INFO] default - iceman.morioka@gmail.com
[2019-10-12T09:49:49.907] [INFO] default - WoA7kYr7L7ZBq3OUeBe5yHoqR9V2
[2019-10-12T09:49:49.923] [INFO] default - iceman.morioka@gmail.com
[2019-10-12T09:50:40.600] [INFO] default - WoA7kYr7L7ZBq3OUeBe5yHoqR9V2
[2019-10-12T09:50:40.600] [INFO] default - iceman.morioka@gmail.com
[2019-10-12T09:50:47.205] [INFO] default - WoA7kYr7L7ZBq3OUeBe5yHoqR9V2
[2019-10-12T09:50:47.209] [INFO] default - iceman.morioka@gmail.com
[2019-10-12T09:50:47.235] [INFO] default - contact
[2019-10-12T09:50:52.477] [INFO] default - WoA7kYr7L7ZBq3OUeBe5yHoqR9V2
[2019-10-12T09:50:52.478] [INFO] default - iceman.morioka@gmail.com
[2019-10-12T09:50:52.482] [INFO] default - contact
[2019-10-12T09:50:57.046] [INFO] default - WoA7kYr7L7ZBq3OUeBe5yHoqR9V2
[2019-10-12T09:50:57.047] [INFO] default - iceman.morioka@gmail.com
[2019-10-12T09:50:57.050] [INFO] default - contact
[2019-10-12T09:51:02.144] [INFO] default - WoA7kYr7L7ZBq3OUeBe5yHoqR9V2
[2019-10-12T09:51:02.144] [INFO] default - iceman.morioka@gmail.com
[2019-10-12T09:51:02.153] [INFO] default - contact
[2019-10-12T09:51:05.582] [INFO] default - WoA7kYr7L7ZBq3OUeBe5yHoqR9V2
[2019-10-12T09:51:05.582] [INFO] default - iceman.morioka@gmail.com
[2019-10-12T09:51:05.586] [INFO] default - contact
[2019-10-12T09:51:07.839] [INFO] default - WoA7kYr7L7ZBq3OUeBe5yHoqR9V2
[2019-10-12T09:51:07.840] [INFO] default - iceman.morioka@gmail.com
[2019-10-12T09:51:07.845] [INFO] default - contact
[2019-10-12T09:51:09.683] [INFO] default - WoA7kYr7L7ZBq3OUeBe5yHoqR9V2
[2019-10-12T09:51:09.684] [INFO] default - iceman.morioka@gmail.com
[2019-10-12T09:51:09.687] [INFO] default - contact
[2019-10-12T09:51:10.965] [INFO] default - WoA7kYr7L7ZBq3OUeBe5yHoqR9V2
[2019-10-12T09:51:10.965] [INFO] default - iceman.morioka@gmail.com
[2019-10-12T09:51:10.972] [INFO] default - contact
[2019-10-12T09:51:35.350] [INFO] default - WoA7kYr7L7ZBq3OUeBe5yHoqR9V2
[2019-10-12T09:51:35.351] [INFO] default - iceman.morioka@gmail.com
[2019-10-12T09:56:35.734] [INFO] default - WoA7kYr7L7ZBq3OUeBe5yHoqR9V2
[2019-10-12T09:56:35.735] [INFO] default - iceman.morioka@gmail.com
[2019-10-12T10:00:46.620] [INFO] default - WoA7kYr7L7ZBq3OUeBe5yHoqR9V2
[2019-10-12T10:00:46.620] [INFO] default - iceman.morioka@gmail.com
[2019-10-12T10:01:23.608] [INFO] default - WoA7kYr7L7ZBq3OUeBe5yHoqR9V2
[2019-10-12T10:01:23.608] [INFO] default - iceman.morioka@gmail.com
[2019-10-12T10:08:17.025] [INFO] default - WoA7kYr7L7ZBq3OUeBe5yHoqR9V2
[2019-10-12T10:08:17.025] [INFO] default - iceman.morioka@gmail.com
[2019-10-12T10:08:52.188] [INFO] default - WoA7kYr7L7ZBq3OUeBe5yHoqR9V2
[2019-10-12T10:08:52.188] [INFO] default - iceman.morioka@gmail.com
[2019-10-12T10:09:12.875] [INFO] default - WoA7kYr7L7ZBq3OUeBe5yHoqR9V2
[2019-10-12T10:09:12.876] [INFO] default - iceman.morioka@gmail.com
[2019-10-12T10:09:25.056] [INFO] default - WoA7kYr7L7ZBq3OUeBe5yHoqR9V2
[2019-10-12T10:09:25.057] [INFO] default - iceman.morioka@gmail.com
[2019-10-12T10:10:22.263] [INFO] default - WoA7kYr7L7ZBq3OUeBe5yHoqR9V2
[2019-10-12T10:10:22.263] [INFO] default - iceman.morioka@gmail.com
[2019-10-12T10:14:34.613] [INFO] default - WoA7kYr7L7ZBq3OUeBe5yHoqR9V2
[2019-10-12T10:14:34.614] [INFO] default - iceman.morioka@gmail.com
[2019-10-12T10:15:24.092] [INFO] default - WoA7kYr7L7ZBq3OUeBe5yHoqR9V2
[2019-10-12T10:15:24.093] [INFO] default - iceman.morioka@gmail.com
[2019-10-12T10:17:25.873] [INFO] default - WoA7kYr7L7ZBq3OUeBe5yHoqR9V2
[2019-10-12T10:17:25.874] [INFO] default - iceman.morioka@gmail.com
[2019-10-12T10:17:25.902] [INFO] default - contact
[2019-10-12T10:25:38.170] [INFO] default - WoA7kYr7L7ZBq3OUeBe5yHoqR9V2
[2019-10-12T10:25:38.172] [INFO] default - iceman.morioka@gmail.com
[2019-10-12T10:28:39.231] [INFO] default - WoA7kYr7L7ZBq3OUeBe5yHoqR9V2
[2019-10-12T10:28:39.232] [INFO] default - iceman.morioka@gmail.com
[2019-10-12T10:31:55.308] [INFO] default - WoA7kYr7L7ZBq3OUeBe5yHoqR9V2
[2019-10-12T10:31:55.309] [INFO] default - iceman.morioka@gmail.com
[2019-10-12T10:42:32.801] [INFO] default - WoA7kYr7L7ZBq3OUeBe5yHoqR9V2
[2019-10-12T10:42:32.802] [INFO] default - iceman.morioka@gmail.com
[2019-10-12T10:49:11.683] [INFO] default - WoA7kYr7L7ZBq3OUeBe5yHoqR9V2
[2019-10-12T10:49:11.684] [INFO] default - iceman.morioka@gmail.com
[2019-10-12T10:50:37.960] [INFO] default - WoA7kYr7L7ZBq3OUeBe5yHoqR9V2
[2019-10-12T10:50:37.960] [INFO] default - iceman.morioka@gmail.com
[2019-10-12T11:39:18.213] [INFO] default - WoA7kYr7L7ZBq3OUeBe5yHoqR9V2
[2019-10-12T11:39:18.216] [INFO] default - iceman.morioka@gmail.com
[2019-10-12T11:39:23.697] [INFO] default - WoA7kYr7L7ZBq3OUeBe5yHoqR9V2
[2019-10-12T11:39:23.697] [INFO] default - iceman.morioka@gmail.com
[2019-10-12T11:52:21.156] [INFO] default - WoA7kYr7L7ZBq3OUeBe5yHoqR9V2
[2019-10-12T11:52:21.163] [INFO] default - iceman.morioka@gmail.com
[2019-10-12T12:05:30.308] [INFO] default - WoA7kYr7L7ZBq3OUeBe5yHoqR9V2
[2019-10-12T12:05:30.310] [INFO] default - iceman.morioka@gmail.com
[2019-10-12T12:08:29.662] [INFO] default - WoA7kYr7L7ZBq3OUeBe5yHoqR9V2
[2019-10-12T12:08:29.663] [INFO] default - iceman.morioka@gmail.com
[2019-10-12T12:19:19.059] [INFO] default - WoA7kYr7L7ZBq3OUeBe5yHoqR9V2
[2019-10-12T12:19:19.075] [INFO] default - iceman.morioka@gmail.com
[2019-10-12T12:23:52.578] [INFO] default - WoA7kYr7L7ZBq3OUeBe5yHoqR9V2
[2019-10-12T12:23:52.613] [INFO] default - iceman.morioka@gmail.com
[2019-10-12T13:01:42.139] [INFO] default - WoA7kYr7L7ZBq3OUeBe5yHoqR9V2
[2019-10-12T13:01:42.140] [INFO] default - iceman.morioka@gmail.com
[2019-10-12T13:02:21.767] [INFO] default - WoA7kYr7L7ZBq3OUeBe5yHoqR9V2
[2019-10-12T13:02:21.767] [INFO] default - iceman.morioka@gmail.com
[2019-10-12T13:04:23.717] [INFO] default - WoA7kYr7L7ZBq3OUeBe5yHoqR9V2
[2019-10-12T13:04:23.717] [INFO] default - iceman.morioka@gmail.com
[2019-10-12T13:05:02.732] [INFO] default - WoA7kYr7L7ZBq3OUeBe5yHoqR9V2
[2019-10-12T13:05:02.733] [INFO] default - iceman.morioka@gmail.com
[2019-10-12T13:17:19.927] [INFO] default - WoA7kYr7L7ZBq3OUeBe5yHoqR9V2
[2019-10-12T13:17:19.928] [INFO] default - iceman.morioka@gmail.com
[2019-10-12T13:20:21.446] [INFO] default - WoA7kYr7L7ZBq3OUeBe5yHoqR9V2
[2019-10-12T13:20:21.446] [INFO] default - iceman.morioka@gmail.com
[2019-10-12T13:28:58.275] [INFO] default - WoA7kYr7L7ZBq3OUeBe5yHoqR9V2
[2019-10-12T13:28:58.276] [INFO] default - iceman.morioka@gmail.com
[2019-10-12T13:33:07.101] [INFO] default - WoA7kYr7L7ZBq3OUeBe5yHoqR9V2
[2019-10-12T13:33:07.101] [INFO] default - iceman.morioka@gmail.com
[2019-10-12T13:58:17.392] [INFO] default - WoA7kYr7L7ZBq3OUeBe5yHoqR9V2
[2019-10-12T13:58:17.394] [INFO] default - iceman.morioka@gmail.com
[2019-10-12T13:58:23.478] [INFO] default - WoA7kYr7L7ZBq3OUeBe5yHoqR9V2
[2019-10-12T13:58:23.478] [INFO] default - iceman.morioka@gmail.com
[2019-10-12T13:58:56.266] [INFO] default - WoA7kYr7L7ZBq3OUeBe5yHoqR9V2
[2019-10-12T13:58:56.267] [INFO] default - iceman.morioka@gmail.com
[2019-10-12T13:58:56.280] [INFO] default - set video: 17
[2019-10-12T13:58:56.682] [INFO] default - Running ffmpeg with command:ffmpeg -i ./public/hls/jager.mp4 -y -acodec libopus -codec: copy -hls_time 10 -hls_playlist_type vod -hls_segment_filename ./public/hls/video-17/%03d.ts ./public/hls/video-17/index.m3u8
[2019-10-12T13:58:56.835] [INFO] default - Input isaac (LC) (mp4a / 0x6134706D)audio withh264 (High) (avc1 / 0x31637661)video
[2019-10-12T13:58:57.036] [INFO] default - Processing:undefined% done
[2019-10-12T13:58:57.044] [INFO] default - Transcoding succeeded!
[2019-10-12T13:58:57.044] [INFO] default - success
[2019-10-12T13:58:58.905] [INFO] default - WoA7kYr7L7ZBq3OUeBe5yHoqR9V2
[2019-10-12T13:58:58.905] [INFO] default - iceman.morioka@gmail.com
[2019-10-12T13:59:13.086] [INFO] default - WoA7kYr7L7ZBq3OUeBe5yHoqR9V2
[2019-10-12T13:59:13.087] [INFO] default - iceman.morioka@gmail.com
[2019-10-12T13:59:13.093] [INFO] default - set video: 17
[2019-10-12T13:59:13.141] [INFO] default - Running ffmpeg with command:ffmpeg -i ./public/hls/sauza.mp4 -y -acodec libopus -codec: copy -hls_time 10 -hls_playlist_type vod -hls_segment_filename ./public/hls/video-17/%03d.ts ./public/hls/video-17/index.m3u8
[2019-10-12T13:59:13.349] [INFO] default - Input isaac (LC) (mp4a / 0x6134706D)audio withh264 (High) (avc1 / 0x31637661)video
[2019-10-12T13:59:13.588] [INFO] default - Processing:undefined% done
[2019-10-12T13:59:13.599] [INFO] default - Transcoding succeeded!
[2019-10-12T13:59:13.599] [INFO] default - success
[2019-10-12T13:59:15.178] [INFO] default - WoA7kYr7L7ZBq3OUeBe5yHoqR9V2
[2019-10-12T13:59:15.178] [INFO] default - iceman.morioka@gmail.com
[2019-10-12T14:04:26.516] [INFO] default - WoA7kYr7L7ZBq3OUeBe5yHoqR9V2
[2019-10-12T14:04:26.517] [INFO] default - iceman.morioka@gmail.com
[2019-10-12T14:04:33.495] [INFO] default - WoA7kYr7L7ZBq3OUeBe5yHoqR9V2
[2019-10-12T14:04:33.496] [INFO] default - iceman.morioka@gmail.com
[2019-10-12T14:04:33.523] [INFO] default - contact
[2019-10-12T14:04:37.051] [INFO] default - WoA7kYr7L7ZBq3OUeBe5yHoqR9V2
[2019-10-12T14:04:37.052] [INFO] default - iceman.morioka@gmail.com
[2019-10-12T14:04:37.055] [INFO] default - contact
[2019-10-12T14:04:38.638] [INFO] default - WoA7kYr7L7ZBq3OUeBe5yHoqR9V2
[2019-10-12T14:04:38.638] [INFO] default - iceman.morioka@gmail.com
[2019-10-12T14:04:38.644] [INFO] default - contact
[2019-10-12T14:04:52.718] [INFO] default - WoA7kYr7L7ZBq3OUeBe5yHoqR9V2
[2019-10-12T14:04:52.718] [INFO] default - iceman.morioka@gmail.com
[2019-10-12T14:04:52.726] [INFO] default - contact
[2019-10-12T14:04:55.259] [INFO] default - WoA7kYr7L7ZBq3OUeBe5yHoqR9V2
[2019-10-12T14:04:55.259] [INFO] default - iceman.morioka@gmail.com
[2019-10-12T14:04:55.264] [INFO] default - contact
[2019-10-12T14:04:56.517] [INFO] default - WoA7kYr7L7ZBq3OUeBe5yHoqR9V2
[2019-10-12T14:04:56.518] [INFO] default - iceman.morioka@gmail.com
[2019-10-12T14:04:56.525] [INFO] default - contact
[2019-10-12T14:04:58.701] [INFO] default - WoA7kYr7L7ZBq3OUeBe5yHoqR9V2
[2019-10-12T14:04:58.702] [INFO] default - iceman.morioka@gmail.com
[2019-10-12T14:04:58.709] [INFO] default - contact
[2019-10-12T14:10:50.624] [INFO] default - WoA7kYr7L7ZBq3OUeBe5yHoqR9V2
[2019-10-12T14:10:50.627] [INFO] default - iceman.morioka@gmail.com
[2019-10-12T14:10:54.882] [INFO] default - WoA7kYr7L7ZBq3OUeBe5yHoqR9V2
[2019-10-12T14:10:54.882] [INFO] default - iceman.morioka@gmail.com
[2019-10-12T14:10:54.916] [INFO] default - contact
[2019-10-12T14:10:57.166] [INFO] default - WoA7kYr7L7ZBq3OUeBe5yHoqR9V2
[2019-10-12T14:10:57.167] [INFO] default - iceman.morioka@gmail.com
[2019-10-12T14:10:57.174] [INFO] default - contact
[2019-10-12T14:11:06.694] [INFO] default - WoA7kYr7L7ZBq3OUeBe5yHoqR9V2
[2019-10-12T14:11:06.699] [INFO] default - iceman.morioka@gmail.com
[2019-10-12T14:11:10.449] [INFO] default - WoA7kYr7L7ZBq3OUeBe5yHoqR9V2
[2019-10-12T14:11:10.449] [INFO] default - iceman.morioka@gmail.com
[2019-10-12T14:11:10.453] [INFO] default - set photo: 80
[2019-10-12T14:11:10.929] [INFO] default - WoA7kYr7L7ZBq3OUeBe5yHoqR9V2
[2019-10-12T14:11:10.929] [INFO] default - iceman.morioka@gmail.com
[2019-10-12T14:11:19.125] [INFO] default - WoA7kYr7L7ZBq3OUeBe5yHoqR9V2
[2019-10-12T14:11:19.126] [INFO] default - iceman.morioka@gmail.com
[2019-10-12T14:11:19.130] [INFO] default - set photo: 80
[2019-10-12T14:11:19.492] [INFO] default - WoA7kYr7L7ZBq3OUeBe5yHoqR9V2
[2019-10-12T14:11:19.493] [INFO] default - iceman.morioka@gmail.com
[2019-10-12T14:11:24.771] [INFO] default - WoA7kYr7L7ZBq3OUeBe5yHoqR9V2
[2019-10-12T14:11:24.771] [INFO] default - iceman.morioka@gmail.com
[2019-10-12T14:11:24.782] [INFO] default - set photo: 80
[2019-10-12T14:11:25.201] [INFO] default - WoA7kYr7L7ZBq3OUeBe5yHoqR9V2
[2019-10-12T14:11:25.201] [INFO] default - iceman.morioka@gmail.com
[2019-10-12T14:11:31.245] [INFO] default - WoA7kYr7L7ZBq3OUeBe5yHoqR9V2
[2019-10-12T14:11:31.245] [INFO] default - iceman.morioka@gmail.com
[2019-10-12T14:11:31.251] [INFO] default - set photo: 80
[2019-10-12T14:11:31.714] [INFO] default - WoA7kYr7L7ZBq3OUeBe5yHoqR9V2
[2019-10-12T14:11:31.714] [INFO] default - iceman.morioka@gmail.com
[2019-10-12T14:15:55.860] [INFO] default - WoA7kYr7L7ZBq3OUeBe5yHoqR9V2
[2019-10-12T14:15:55.860] [INFO] default - iceman.morioka@gmail.com
[2019-10-12T14:17:40.421] [INFO] default - WoA7kYr7L7ZBq3OUeBe5yHoqR9V2
[2019-10-12T14:17:40.422] [INFO] default - iceman.morioka@gmail.com
[2019-10-12T14:19:05.434] [INFO] default - WoA7kYr7L7ZBq3OUeBe5yHoqR9V2
[2019-10-12T14:19:05.435] [INFO] default - iceman.morioka@gmail.com
[2019-10-12T14:22:01.368] [INFO] default - WoA7kYr7L7ZBq3OUeBe5yHoqR9V2
[2019-10-12T14:22:01.368] [INFO] default - iceman.morioka@gmail.com
[2019-10-12T14:58:01.939] [INFO] default - WoA7kYr7L7ZBq3OUeBe5yHoqR9V2
[2019-10-12T14:58:01.940] [INFO] default - iceman.morioka@gmail.com
[2019-10-12T14:58:08.631] [INFO] default - WoA7kYr7L7ZBq3OUeBe5yHoqR9V2
[2019-10-12T14:58:08.631] [INFO] default - iceman.morioka@gmail.com
[2019-10-12T14:58:25.782] [INFO] default - WoA7kYr7L7ZBq3OUeBe5yHoqR9V2
[2019-10-12T14:58:25.783] [INFO] default - iceman.morioka@gmail.com
[2019-10-12T14:58:33.864] [INFO] default - WoA7kYr7L7ZBq3OUeBe5yHoqR9V2
[2019-10-12T14:58:33.864] [INFO] default - iceman.morioka@gmail.com
[2019-10-12T14:58:33.909] [INFO] default - thumbnail
[2019-10-12T14:58:34.017] [INFO] default - success
[2019-10-12T14:58:34.412] [INFO] default - WoA7kYr7L7ZBq3OUeBe5yHoqR9V2
[2019-10-12T14:58:34.414] [INFO] default - iceman.morioka@gmail.com
[2019-10-12T15:00:25.642] [INFO] default - WoA7kYr7L7ZBq3OUeBe5yHoqR9V2
[2019-10-12T15:00:25.643] [INFO] default - iceman.morioka@gmail.com
[2019-10-12T15:01:47.274] [INFO] default - WoA7kYr7L7ZBq3OUeBe5yHoqR9V2
[2019-10-12T15:01:47.274] [INFO] default - iceman.morioka@gmail.com
[2019-10-12T15:01:54.449] [INFO] default - WoA7kYr7L7ZBq3OUeBe5yHoqR9V2
[2019-10-12T15:01:54.450] [INFO] default - iceman.morioka@gmail.com
[2019-10-12T15:02:10.343] [INFO] default - WoA7kYr7L7ZBq3OUeBe5yHoqR9V2
[2019-10-12T15:02:10.344] [INFO] default - iceman.morioka@gmail.com
[2019-10-12T15:02:40.884] [INFO] default - WoA7kYr7L7ZBq3OUeBe5yHoqR9V2
[2019-10-12T15:02:40.888] [INFO] default - iceman.morioka@gmail.com
[2019-10-12T15:02:50.410] [INFO] default - WoA7kYr7L7ZBq3OUeBe5yHoqR9V2
[2019-10-12T15:02:50.411] [INFO] default - iceman.morioka@gmail.com
[2019-10-12T15:03:40.930] [INFO] default - WoA7kYr7L7ZBq3OUeBe5yHoqR9V2
[2019-10-12T15:03:40.931] [INFO] default - iceman.morioka@gmail.com
[2019-10-12T15:03:42.169] [INFO] default - WoA7kYr7L7ZBq3OUeBe5yHoqR9V2
[2019-10-12T15:03:42.170] [INFO] default - iceman.morioka@gmail.com
[2019-10-12T15:03:48.089] [INFO] default - WoA7kYr7L7ZBq3OUeBe5yHoqR9V2
[2019-10-12T15:03:48.089] [INFO] default - iceman.morioka@gmail.com
[2019-10-12T15:04:52.911] [INFO] default - WoA7kYr7L7ZBq3OUeBe5yHoqR9V2
[2019-10-12T15:04:52.913] [INFO] default - iceman.morioka@gmail.com
[2019-10-12T15:04:57.934] [INFO] default - WoA7kYr7L7ZBq3OUeBe5yHoqR9V2
[2019-10-12T15:04:57.934] [INFO] default - iceman.morioka@gmail.com
[2019-10-12T15:05:52.517] [INFO] default - WoA7kYr7L7ZBq3OUeBe5yHoqR9V2
[2019-10-12T15:05:52.518] [INFO] default - iceman.morioka@gmail.com
[2019-10-12T15:05:59.037] [INFO] default - WoA7kYr7L7ZBq3OUeBe5yHoqR9V2
[2019-10-12T15:05:59.037] [INFO] default - iceman.morioka@gmail.com
[2019-10-12T15:06:52.597] [INFO] default - WoA7kYr7L7ZBq3OUeBe5yHoqR9V2
[2019-10-12T15:06:52.598] [INFO] default - iceman.morioka@gmail.com
[2019-10-12T15:07:07.048] [INFO] default - WoA7kYr7L7ZBq3OUeBe5yHoqR9V2
[2019-10-12T15:07:07.049] [INFO] default - iceman.morioka@gmail.com
[2019-10-12T15:07:19.636] [INFO] default - WoA7kYr7L7ZBq3OUeBe5yHoqR9V2
[2019-10-12T15:07:19.637] [INFO] default - iceman.morioka@gmail.com
[2019-10-12T15:07:31.206] [INFO] default - WoA7kYr7L7ZBq3OUeBe5yHoqR9V2
[2019-10-12T15:07:31.207] [INFO] default - iceman.morioka@gmail.com
[2019-10-12T15:08:00.825] [INFO] default - WoA7kYr7L7ZBq3OUeBe5yHoqR9V2
[2019-10-12T15:08:00.826] [INFO] default - iceman.morioka@gmail.com
[2019-10-12T15:08:08.159] [INFO] default - WoA7kYr7L7ZBq3OUeBe5yHoqR9V2
[2019-10-12T15:08:08.160] [INFO] default - iceman.morioka@gmail.com
[2019-10-12T15:08:32.849] [INFO] default - WoA7kYr7L7ZBq3OUeBe5yHoqR9V2
[2019-10-12T15:08:32.850] [INFO] default - iceman.morioka@gmail.com
[2019-10-12T15:08:42.885] [INFO] default - WoA7kYr7L7ZBq3OUeBe5yHoqR9V2
[2019-10-12T15:08:42.885] [INFO] default - iceman.morioka@gmail.com
[2019-10-12T15:08:55.447] [INFO] default - WoA7kYr7L7ZBq3OUeBe5yHoqR9V2
[2019-10-12T15:08:55.447] [INFO] default - iceman.morioka@gmail.com
[2019-10-12T15:09:23.639] [INFO] default - WoA7kYr7L7ZBq3OUeBe5yHoqR9V2
[2019-10-12T15:09:23.639] [INFO] default - iceman.morioka@gmail.com
[2019-10-12T15:09:31.109] [INFO] default - WoA7kYr7L7ZBq3OUeBe5yHoqR9V2
[2019-10-12T15:09:31.109] [INFO] default - iceman.morioka@gmail.com
[2019-10-12T15:09:37.174] [INFO] default - WoA7kYr7L7ZBq3OUeBe5yHoqR9V2
[2019-10-12T15:09:37.177] [INFO] default - iceman.morioka@gmail.com
[2019-10-12T15:09:43.852] [INFO] default - WoA7kYr7L7ZBq3OUeBe5yHoqR9V2
[2019-10-12T15:09:43.854] [INFO] default - iceman.morioka@gmail.com
[2019-10-12T15:10:16.528] [INFO] default - WoA7kYr7L7ZBq3OUeBe5yHoqR9V2
[2019-10-12T15:10:16.529] [INFO] default - iceman.morioka@gmail.com
[2019-10-12T15:10:22.181] [INFO] default - WoA7kYr7L7ZBq3OUeBe5yHoqR9V2
[2019-10-12T15:10:22.181] [INFO] default - iceman.morioka@gmail.com
[2019-10-12T15:10:27.452] [INFO] default - WoA7kYr7L7ZBq3OUeBe5yHoqR9V2
[2019-10-12T15:10:27.453] [INFO] default - iceman.morioka@gmail.com
[2019-10-12T15:13:12.381] [INFO] default - WoA7kYr7L7ZBq3OUeBe5yHoqR9V2
[2019-10-12T15:13:12.382] [INFO] default - iceman.morioka@gmail.com
[2019-10-12T15:13:12.402] [INFO] default - delete photo: 87
[2019-10-12T15:13:14.045] [INFO] default - WoA7kYr7L7ZBq3OUeBe5yHoqR9V2
[2019-10-12T15:13:14.045] [INFO] default - iceman.morioka@gmail.com
[2019-10-12T15:30:18.796] [INFO] default - WoA7kYr7L7ZBq3OUeBe5yHoqR9V2
[2019-10-12T15:30:18.801] [INFO] default - iceman.morioka@gmail.com
[2019-10-12T15:30:18.835] [INFO] default - thumbnail
[2019-10-12T15:30:18.941] [INFO] default - success
[2019-10-12T15:30:23.788] [INFO] default - WoA7kYr7L7ZBq3OUeBe5yHoqR9V2
[2019-10-12T15:30:23.789] [INFO] default - iceman.morioka@gmail.com
[2019-10-12T15:33:32.226] [INFO] default - WoA7kYr7L7ZBq3OUeBe5yHoqR9V2
[2019-10-12T15:33:32.227] [INFO] default - iceman.morioka@gmail.com
[2019-10-12T15:33:39.293] [INFO] default - WoA7kYr7L7ZBq3OUeBe5yHoqR9V2
[2019-10-12T15:33:39.293] [INFO] default - iceman.morioka@gmail.com
[2019-10-12T15:47:53.464] [INFO] default - WoA7kYr7L7ZBq3OUeBe5yHoqR9V2
[2019-10-12T15:47:53.472] [INFO] default - iceman.morioka@gmail.com
[2019-10-12T15:47:58.042] [INFO] default - WoA7kYr7L7ZBq3OUeBe5yHoqR9V2
[2019-10-12T15:47:58.042] [INFO] default - iceman.morioka@gmail.com
[2019-10-12T15:54:13.043] [INFO] default - WoA7kYr7L7ZBq3OUeBe5yHoqR9V2
[2019-10-12T15:54:13.045] [INFO] default - iceman.morioka@gmail.com
[2019-10-12T15:55:40.572] [INFO] default - WoA7kYr7L7ZBq3OUeBe5yHoqR9V2
[2019-10-12T15:55:40.577] [INFO] default - iceman.morioka@gmail.com
[2019-10-12T16:05:32.986] [INFO] default - WoA7kYr7L7ZBq3OUeBe5yHoqR9V2
[2019-10-12T16:05:32.987] [INFO] default - iceman.morioka@gmail.com
[2019-10-12T16:05:47.951] [INFO] default - WoA7kYr7L7ZBq3OUeBe5yHoqR9V2
[2019-10-12T16:05:47.952] [INFO] default - iceman.morioka@gmail.com
[2019-10-12T16:05:58.467] [INFO] default - WoA7kYr7L7ZBq3OUeBe5yHoqR9V2
[2019-10-12T16:05:58.468] [INFO] default - iceman.morioka@gmail.com
[2019-10-12T16:06:23.889] [INFO] default - WoA7kYr7L7ZBq3OUeBe5yHoqR9V2
[2019-10-12T16:06:23.891] [INFO] default - iceman.morioka@gmail.com
[2019-10-12T16:07:40.199] [INFO] default - WoA7kYr7L7ZBq3OUeBe5yHoqR9V2
[2019-10-12T16:07:40.199] [INFO] default - iceman.morioka@gmail.com
[2019-10-12T16:07:40.237] [INFO] default - contact
[2019-10-12T16:07:43.160] [INFO] default - WoA7kYr7L7ZBq3OUeBe5yHoqR9V2
[2019-10-12T16:07:43.160] [INFO] default - iceman.morioka@gmail.com
[2019-10-12T16:07:43.166] [INFO] default - contact
[2019-10-12T16:07:44.630] [INFO] default - WoA7kYr7L7ZBq3OUeBe5yHoqR9V2
[2019-10-12T16:07:44.630] [INFO] default - iceman.morioka@gmail.com
[2019-10-12T16:07:44.633] [INFO] default - contact
[2019-10-12T16:07:47.577] [INFO] default - WoA7kYr7L7ZBq3OUeBe5yHoqR9V2
[2019-10-12T16:07:47.578] [INFO] default - iceman.morioka@gmail.com
[2019-10-12T16:07:47.583] [INFO] default - contact
[2019-10-12T16:07:50.090] [INFO] default - WoA7kYr7L7ZBq3OUeBe5yHoqR9V2
[2019-10-12T16:07:50.092] [INFO] default - iceman.morioka@gmail.com
[2019-10-12T16:07:50.096] [INFO] default - contact
[2019-10-12T16:07:52.735] [INFO] default - WoA7kYr7L7ZBq3OUeBe5yHoqR9V2
[2019-10-12T16:07:52.736] [INFO] default - iceman.morioka@gmail.com
[2019-10-12T16:07:52.740] [INFO] default - contact
[2019-10-12T16:07:54.707] [INFO] default - WoA7kYr7L7ZBq3OUeBe5yHoqR9V2
[2019-10-12T16:07:54.708] [INFO] default - iceman.morioka@gmail.com
[2019-10-12T16:07:54.714] [INFO] default - contact
[2019-10-12T16:07:57.772] [INFO] default - WoA7kYr7L7ZBq3OUeBe5yHoqR9V2
[2019-10-12T16:07:57.772] [INFO] default - iceman.morioka@gmail.com
[2019-10-12T16:08:11.732] [INFO] default - WoA7kYr7L7ZBq3OUeBe5yHoqR9V2
[2019-10-12T16:08:11.733] [INFO] default - iceman.morioka@gmail.com
[2019-10-12T16:08:11.741] [INFO] default - delete photo: 88
[2019-10-12T16:08:13.401] [INFO] default - WoA7kYr7L7ZBq3OUeBe5yHoqR9V2
[2019-10-12T16:08:13.402] [INFO] default - iceman.morioka@gmail.com
[2019-10-12T16:08:19.839] [INFO] default - WoA7kYr7L7ZBq3OUeBe5yHoqR9V2
[2019-10-12T16:08:19.839] [INFO] default - iceman.morioka@gmail.com
[2019-10-12T16:08:19.849] [INFO] default - thumbnail
[2019-10-12T16:08:19.880] [INFO] default - success
[2019-10-12T16:08:21.451] [INFO] default - WoA7kYr7L7ZBq3OUeBe5yHoqR9V2
[2019-10-12T16:08:21.451] [INFO] default - iceman.morioka@gmail.com
[2019-10-12T16:08:25.336] [INFO] default - WoA7kYr7L7ZBq3OUeBe5yHoqR9V2
[2019-10-12T16:08:25.336] [INFO] default - iceman.morioka@gmail.com
[2019-10-12T16:08:25.345] [INFO] default - set photo: 89
[2019-10-12T16:08:25.772] [INFO] default - WoA7kYr7L7ZBq3OUeBe5yHoqR9V2
[2019-10-12T16:08:25.772] [INFO] default - iceman.morioka@gmail.com
[2019-10-12T16:08:29.592] [INFO] default - WoA7kYr7L7ZBq3OUeBe5yHoqR9V2
[2019-10-12T16:08:29.592] [INFO] default - iceman.morioka@gmail.com
[2019-10-12T16:08:29.599] [INFO] default - set photo: 89
[2019-10-12T16:08:30.021] [INFO] default - WoA7kYr7L7ZBq3OUeBe5yHoqR9V2
[2019-10-12T16:08:30.021] [INFO] default - iceman.morioka@gmail.com
[2019-10-12T16:08:36.218] [INFO] default - WoA7kYr7L7ZBq3OUeBe5yHoqR9V2
[2019-10-12T16:08:36.219] [INFO] default - iceman.morioka@gmail.com
[2019-10-12T16:08:36.221] [INFO] default - minify
[2019-10-12T16:09:50.545] [INFO] default - WoA7kYr7L7ZBq3OUeBe5yHoqR9V2
[2019-10-12T16:09:50.545] [INFO] default - iceman.morioka@gmail.com
[2019-10-12T16:09:58.162] [INFO] default - WoA7kYr7L7ZBq3OUeBe5yHoqR9V2
[2019-10-12T16:09:58.163] [INFO] default - iceman.morioka@gmail.com
[2019-10-12T16:09:58.172] [INFO] default - minify
[2019-10-12T16:10:51.095] [INFO] default - WoA7kYr7L7ZBq3OUeBe5yHoqR9V2
[2019-10-12T16:10:51.097] [INFO] default - iceman.morioka@gmail.com
[2019-10-12T16:10:55.110] [INFO] default - WoA7kYr7L7ZBq3OUeBe5yHoqR9V2
[2019-10-12T16:10:55.110] [INFO] default - iceman.morioka@gmail.com
[2019-10-12T16:10:58.850] [INFO] default - WoA7kYr7L7ZBq3OUeBe5yHoqR9V2
[2019-10-12T16:10:58.850] [INFO] default - iceman.morioka@gmail.com
[2019-10-12T16:10:58.865] [INFO] default - minify
[2019-10-12T16:10:59.160] [INFO] default - success
[2019-10-12T16:11:00.722] [INFO] default - WoA7kYr7L7ZBq3OUeBe5yHoqR9V2
[2019-10-12T16:11:00.722] [INFO] default - iceman.morioka@gmail.com
[2019-10-12T16:13:05.375] [INFO] default - WoA7kYr7L7ZBq3OUeBe5yHoqR9V2
[2019-10-12T16:13:05.377] [INFO] default - iceman.morioka@gmail.com
[2019-10-12T16:13:10.710] [INFO] default - WoA7kYr7L7ZBq3OUeBe5yHoqR9V2
[2019-10-12T16:13:10.710] [INFO] default - iceman.morioka@gmail.com
[2019-10-12T16:13:30.511] [INFO] default - WoA7kYr7L7ZBq3OUeBe5yHoqR9V2
[2019-10-12T16:13:30.511] [INFO] default - iceman.morioka@gmail.com
[2019-10-12T16:13:30.514] [INFO] default - delete photo: 89
[2019-10-12T16:13:32.303] [INFO] default - WoA7kYr7L7ZBq3OUeBe5yHoqR9V2
[2019-10-12T16:13:32.304] [INFO] default - iceman.morioka@gmail.com
[2019-10-12T16:13:39.979] [INFO] default - WoA7kYr7L7ZBq3OUeBe5yHoqR9V2
[2019-10-12T16:13:39.979] [INFO] default - iceman.morioka@gmail.com
[2019-10-12T16:13:39.989] [INFO] default - set photo: 80
[2019-10-12T16:13:41.451] [INFO] default - WoA7kYr7L7ZBq3OUeBe5yHoqR9V2
[2019-10-12T16:13:41.452] [INFO] default - iceman.morioka@gmail.com
[2019-10-12T16:13:50.520] [INFO] default - WoA7kYr7L7ZBq3OUeBe5yHoqR9V2
[2019-10-12T16:13:50.520] [INFO] default - iceman.morioka@gmail.com
[2019-10-12T16:13:50.528] [INFO] default - set photo: 80
[2019-10-12T16:13:52.025] [INFO] default - WoA7kYr7L7ZBq3OUeBe5yHoqR9V2
[2019-10-12T16:13:52.025] [INFO] default - iceman.morioka@gmail.com
[2019-10-12T16:14:01.385] [INFO] default - WoA7kYr7L7ZBq3OUeBe5yHoqR9V2
[2019-10-12T16:14:01.385] [INFO] default - iceman.morioka@gmail.com
[2019-10-12T16:14:01.387] [INFO] default - set video: 80
[2019-10-12T16:14:02.226] [INFO] default - Running ffmpeg with command:ffmpeg -i ./public/hls/jager.mp4 -y -acodec libopus -codec: copy -hls_time 10 -hls_playlist_type vod -hls_segment_filename ./public/hls/video-80/%03d.ts ./public/hls/video-80/index.m3u8
[2019-10-12T16:14:02.587] [INFO] default - Input isaac (LC) (mp4a / 0x6134706D)audio withh264 (High) (avc1 / 0x31637661)video
[2019-10-12T16:14:02.814] [INFO] default - Processing:undefined% done
[2019-10-12T16:14:02.823] [INFO] default - Transcoding succeeded!
[2019-10-12T16:14:02.823] [INFO] default - success
[2019-10-12T16:14:04.952] [INFO] default - WoA7kYr7L7ZBq3OUeBe5yHoqR9V2
[2019-10-12T16:14:04.952] [INFO] default - iceman.morioka@gmail.com
[2019-10-12T16:14:21.031] [INFO] default - WoA7kYr7L7ZBq3OUeBe5yHoqR9V2
[2019-10-12T16:14:21.031] [INFO] default - iceman.morioka@gmail.com
[2019-10-12T16:14:21.065] [INFO] default - set video: 80
[2019-10-12T16:14:21.207] [INFO] default - Running ffmpeg with command:ffmpeg -i ./public/hls/jagermeister.mp4 -y -acodec libopus -codec: copy -hls_time 10 -hls_playlist_type vod -hls_segment_filename ./public/hls/video-80/%03d.ts ./public/hls/video-80/index.m3u8
[2019-10-12T16:14:21.689] [INFO] default - Input isaac (LC) (mp4a / 0x6134706D)audio withh264 (High) (avc1 / 0x31637661)video
[2019-10-12T16:14:22.191] [INFO] default - Processing:undefined% done
[2019-10-12T16:14:22.693] [INFO] default - Processing:undefined% done
[2019-10-12T16:14:22.737] [INFO] default - Processing:undefined% done
[2019-10-12T16:14:22.768] [INFO] default - Transcoding succeeded!
[2019-10-12T16:14:22.768] [INFO] default - success
[2019-10-12T16:14:24.815] [INFO] default - WoA7kYr7L7ZBq3OUeBe5yHoqR9V2
[2019-10-12T16:14:24.817] [INFO] default - iceman.morioka@gmail.com
[2019-10-12T16:16:27.776] [INFO] default - WoA7kYr7L7ZBq3OUeBe5yHoqR9V2
[2019-10-12T16:16:27.780] [INFO] default - iceman.morioka@gmail.com
[2019-10-12T16:16:41.312] [INFO] default - WoA7kYr7L7ZBq3OUeBe5yHoqR9V2
[2019-10-12T16:16:41.317] [INFO] default - iceman.morioka@gmail.com
[2019-10-12T16:16:49.851] [INFO] default - WoA7kYr7L7ZBq3OUeBe5yHoqR9V2
[2019-10-12T16:16:49.851] [INFO] default - iceman.morioka@gmail.com
[2019-10-12T16:16:54.867] [INFO] default - WoA7kYr7L7ZBq3OUeBe5yHoqR9V2
[2019-10-12T16:16:54.868] [INFO] default - iceman.morioka@gmail.com
[2019-10-12T16:16:54.884] [INFO] default - minify
[2019-10-12T16:16:55.125] [INFO] default - success
[2019-10-12T16:16:57.170] [INFO] default - WoA7kYr7L7ZBq3OUeBe5yHoqR9V2
[2019-10-12T16:16:57.170] [INFO] default - iceman.morioka@gmail.com
[2019-10-12T16:17:07.643] [INFO] default - WoA7kYr7L7ZBq3OUeBe5yHoqR9V2
[2019-10-12T16:17:07.643] [INFO] default - iceman.morioka@gmail.com
[2019-10-12T16:17:07.652] [INFO] default - set photo: 80
[2019-10-12T16:17:09.148] [INFO] default - WoA7kYr7L7ZBq3OUeBe5yHoqR9V2
[2019-10-12T16:17:09.148] [INFO] default - iceman.morioka@gmail.com
[2019-10-12T16:17:57.807] [INFO] default - WoA7kYr7L7ZBq3OUeBe5yHoqR9V2
[2019-10-12T16:17:57.810] [INFO] default - iceman.morioka@gmail.com
[2019-10-12T16:17:57.826] [INFO] default - minify
[2019-10-12T16:17:58.033] [INFO] default - success
[2019-10-12T16:18:00.150] [INFO] default - WoA7kYr7L7ZBq3OUeBe5yHoqR9V2
[2019-10-12T16:18:00.151] [INFO] default - iceman.morioka@gmail.com
[2019-10-12T16:18:39.038] [INFO] default - WoA7kYr7L7ZBq3OUeBe5yHoqR9V2
[2019-10-12T16:18:39.041] [INFO] default - iceman.morioka@gmail.com
[2019-10-12T16:18:39.064] [INFO] default - set photo: 80
[2019-10-12T16:18:40.787] [INFO] default - WoA7kYr7L7ZBq3OUeBe5yHoqR9V2
[2019-10-12T16:18:40.787] [INFO] default - iceman.morioka@gmail.com
[2019-10-12T16:22:16.885] [INFO] default - WoA7kYr7L7ZBq3OUeBe5yHoqR9V2
[2019-10-12T16:22:16.892] [INFO] default - iceman.morioka@gmail.com
[2019-10-12T16:22:24.480] [INFO] default - WoA7kYr7L7ZBq3OUeBe5yHoqR9V2
[2019-10-12T16:22:24.480] [INFO] default - iceman.morioka@gmail.com
[2019-10-12T16:23:09.526] [INFO] default - WoA7kYr7L7ZBq3OUeBe5yHoqR9V2
[2019-10-12T16:23:09.527] [INFO] default - iceman.morioka@gmail.com
[2019-10-12T16:23:09.549] [INFO] default - thumbnail
[2019-10-12T16:23:09.638] [INFO] default - success
[2019-10-12T16:23:11.024] [INFO] default - WoA7kYr7L7ZBq3OUeBe5yHoqR9V2
[2019-10-12T16:23:11.024] [INFO] default - iceman.morioka@gmail.com
[2019-10-12T16:23:15.299] [INFO] default - WoA7kYr7L7ZBq3OUeBe5yHoqR9V2
[2019-10-12T16:23:15.300] [INFO] default - iceman.morioka@gmail.com
[2019-10-12T16:23:15.308] [INFO] default - delete photo: 90
[2019-10-12T16:23:16.981] [INFO] default - WoA7kYr7L7ZBq3OUeBe5yHoqR9V2
[2019-10-12T16:23:16.981] [INFO] default - iceman.morioka@gmail.com
[2019-10-12T16:24:45.492] [INFO] default - WoA7kYr7L7ZBq3OUeBe5yHoqR9V2
[2019-10-12T16:24:45.494] [INFO] default - iceman.morioka@gmail.com
[2019-10-12T16:24:45.516] [INFO] default - set photo: 80
[2019-10-12T16:24:46.987] [INFO] default - WoA7kYr7L7ZBq3OUeBe5yHoqR9V2
[2019-10-12T16:24:46.988] [INFO] default - iceman.morioka@gmail.com
[2019-10-12T16:25:42.690] [INFO] default - WoA7kYr7L7ZBq3OUeBe5yHoqR9V2
[2019-10-12T16:25:42.691] [INFO] default - iceman.morioka@gmail.com
[2019-10-12T16:25:58.128] [INFO] default - WoA7kYr7L7ZBq3OUeBe5yHoqR9V2
[2019-10-12T16:25:58.134] [INFO] default - iceman.morioka@gmail.com
[2019-10-12T16:26:02.538] [INFO] default - WoA7kYr7L7ZBq3OUeBe5yHoqR9V2
[2019-10-12T16:26:02.538] [INFO] default - iceman.morioka@gmail.com
[2019-10-12T16:26:12.880] [INFO] default - WoA7kYr7L7ZBq3OUeBe5yHoqR9V2
[2019-10-12T16:26:12.880] [INFO] default - iceman.morioka@gmail.com
[2019-10-12T16:26:18.489] [INFO] default - WoA7kYr7L7ZBq3OUeBe5yHoqR9V2
[2019-10-12T16:26:18.490] [INFO] default - iceman.morioka@gmail.com
[2019-10-12T16:26:40.648] [INFO] default - WoA7kYr7L7ZBq3OUeBe5yHoqR9V2
[2019-10-12T16:26:40.648] [INFO] default - iceman.morioka@gmail.com
[2019-10-12T16:26:51.743] [INFO] default - WoA7kYr7L7ZBq3OUeBe5yHoqR9V2
[2019-10-12T16:26:51.743] [INFO] default - iceman.morioka@gmail.com
[2019-10-12T16:27:01.084] [INFO] default - WoA7kYr7L7ZBq3OUeBe5yHoqR9V2
[2019-10-12T16:27:01.084] [INFO] default - iceman.morioka@gmail.com
[2019-10-12T16:27:09.319] [INFO] default - WoA7kYr7L7ZBq3OUeBe5yHoqR9V2
[2019-10-12T16:27:09.340] [INFO] default - iceman.morioka@gmail.com
[2019-10-12T16:27:17.096] [INFO] default - WoA7kYr7L7ZBq3OUeBe5yHoqR9V2
[2019-10-12T16:27:17.097] [INFO] default - iceman.morioka@gmail.com
[2019-10-12T16:27:46.586] [INFO] default - WoA7kYr7L7ZBq3OUeBe5yHoqR9V2
[2019-10-12T16:27:46.586] [INFO] default - iceman.morioka@gmail.com
[2019-10-12T16:27:46.608] [INFO] default - set photo: 80
[2019-10-12T16:27:48.345] [INFO] default - WoA7kYr7L7ZBq3OUeBe5yHoqR9V2
[2019-10-12T16:27:48.345] [INFO] default - iceman.morioka@gmail.com
[2019-10-12T16:27:56.096] [INFO] default - WoA7kYr7L7ZBq3OUeBe5yHoqR9V2
[2019-10-12T16:27:56.097] [INFO] default - iceman.morioka@gmail.com
[2019-10-12T16:27:56.103] [INFO] default - set photo: 80
[2019-10-12T16:27:57.751] [INFO] default - WoA7kYr7L7ZBq3OUeBe5yHoqR9V2
[2019-10-12T16:27:57.751] [INFO] default - iceman.morioka@gmail.com
[2019-10-12T16:28:24.158] [INFO] default - WoA7kYr7L7ZBq3OUeBe5yHoqR9V2
[2019-10-12T16:28:24.161] [INFO] default - iceman.morioka@gmail.com
[2019-10-12T16:28:47.434] [INFO] default - WoA7kYr7L7ZBq3OUeBe5yHoqR9V2
[2019-10-12T16:28:47.435] [INFO] default - iceman.morioka@gmail.com
[2019-10-12T16:28:55.462] [INFO] default - WoA7kYr7L7ZBq3OUeBe5yHoqR9V2
[2019-10-12T16:28:55.463] [INFO] default - iceman.morioka@gmail.com
[2019-10-12T16:29:02.046] [INFO] default - WoA7kYr7L7ZBq3OUeBe5yHoqR9V2
[2019-10-12T16:29:02.046] [INFO] default - iceman.morioka@gmail.com
[2019-10-12T16:29:02.063] [INFO] default - set photo: 80
[2019-10-12T16:29:04.040] [INFO] default - WoA7kYr7L7ZBq3OUeBe5yHoqR9V2
[2019-10-12T16:29:04.040] [INFO] default - iceman.morioka@gmail.com
[2019-10-12T16:30:51.479] [INFO] default - WoA7kYr7L7ZBq3OUeBe5yHoqR9V2
[2019-10-12T16:30:51.479] [INFO] default - iceman.morioka@gmail.com
[2019-10-12T16:31:48.082] [INFO] default - WoA7kYr7L7ZBq3OUeBe5yHoqR9V2
[2019-10-12T16:31:48.082] [INFO] default - iceman.morioka@gmail.com
[2019-10-12T16:33:29.013] [INFO] default - WoA7kYr7L7ZBq3OUeBe5yHoqR9V2
[2019-10-12T16:33:29.013] [INFO] default - iceman.morioka@gmail.com
[2019-10-12T16:33:37.258] [INFO] default - WoA7kYr7L7ZBq3OUeBe5yHoqR9V2
[2019-10-12T16:33:37.258] [INFO] default - iceman.morioka@gmail.com
[2019-10-12T16:33:48.406] [INFO] default - WoA7kYr7L7ZBq3OUeBe5yHoqR9V2
[2019-10-12T16:33:48.407] [INFO] default - iceman.morioka@gmail.com
[2019-10-12T16:33:53.490] [INFO] default - WoA7kYr7L7ZBq3OUeBe5yHoqR9V2
[2019-10-12T16:33:53.491] [INFO] default - iceman.morioka@gmail.com
[2019-10-12T16:34:21.036] [INFO] default - WoA7kYr7L7ZBq3OUeBe5yHoqR9V2
[2019-10-12T16:34:21.037] [INFO] default - iceman.morioka@gmail.com
[2019-10-12T16:34:30.501] [INFO] default - WoA7kYr7L7ZBq3OUeBe5yHoqR9V2
[2019-10-12T16:34:30.501] [INFO] default - iceman.morioka@gmail.com
[2019-10-12T16:34:45.206] [INFO] default - WoA7kYr7L7ZBq3OUeBe5yHoqR9V2
[2019-10-12T16:34:45.206] [INFO] default - iceman.morioka@gmail.com
[2019-10-12T16:34:54.513] [INFO] default - WoA7kYr7L7ZBq3OUeBe5yHoqR9V2
[2019-10-12T16:34:54.514] [INFO] default - iceman.morioka@gmail.com
[2019-10-12T16:34:54.633] [INFO] default - set photo: 80
[2019-10-12T16:34:55.573] [INFO] default - WoA7kYr7L7ZBq3OUeBe5yHoqR9V2
[2019-10-12T16:34:55.574] [INFO] default - iceman.morioka@gmail.com
[2019-10-12T16:35:54.217] [INFO] default - WoA7kYr7L7ZBq3OUeBe5yHoqR9V2
[2019-10-12T16:35:54.218] [INFO] default - iceman.morioka@gmail.com
[2019-10-12T16:35:54.238] [INFO] default - set photo: 80
[2019-10-12T16:36:35.726] [INFO] default - WoA7kYr7L7ZBq3OUeBe5yHoqR9V2
[2019-10-12T16:36:35.727] [INFO] default - iceman.morioka@gmail.com
[2019-10-12T16:36:35.785] [INFO] default - set photo: 80
[2019-10-12T16:36:36.224] [INFO] default - WoA7kYr7L7ZBq3OUeBe5yHoqR9V2
[2019-10-12T16:36:36.225] [INFO] default - iceman.morioka@gmail.com
[2019-10-12T16:37:25.101] [INFO] default - WoA7kYr7L7ZBq3OUeBe5yHoqR9V2
[2019-10-12T16:37:25.102] [INFO] default - iceman.morioka@gmail.com
[2019-10-12T16:41:32.448] [INFO] default - WoA7kYr7L7ZBq3OUeBe5yHoqR9V2
[2019-10-12T16:41:32.448] [INFO] default - iceman.morioka@gmail.com
[2019-10-12T16:42:36.745] [INFO] default - WoA7kYr7L7ZBq3OUeBe5yHoqR9V2
[2019-10-12T16:42:36.747] [INFO] default - iceman.morioka@gmail.com
[2019-10-12T16:42:46.121] [INFO] default - WoA7kYr7L7ZBq3OUeBe5yHoqR9V2
[2019-10-12T16:42:46.121] [INFO] default - iceman.morioka@gmail.com
[2019-10-12T16:42:52.878] [INFO] default - WoA7kYr7L7ZBq3OUeBe5yHoqR9V2
[2019-10-12T16:42:52.878] [INFO] default - iceman.morioka@gmail.com
[2019-10-12T16:42:59.482] [INFO] default - WoA7kYr7L7ZBq3OUeBe5yHoqR9V2
[2019-10-12T16:42:59.482] [INFO] default - iceman.morioka@gmail.com
[2019-10-12T16:42:59.501] [INFO] default - set photo: 80
[2019-10-12T16:43:00.008] [INFO] default - WoA7kYr7L7ZBq3OUeBe5yHoqR9V2
[2019-10-12T16:43:00.008] [INFO] default - iceman.morioka@gmail.com
[2019-10-12T16:43:08.877] [INFO] default - WoA7kYr7L7ZBq3OUeBe5yHoqR9V2
[2019-10-12T16:43:08.878] [INFO] default - iceman.morioka@gmail.com
[2019-10-12T16:43:08.885] [INFO] default - set photo: 80
[2019-10-12T16:43:09.218] [INFO] default - WoA7kYr7L7ZBq3OUeBe5yHoqR9V2
[2019-10-12T16:43:09.218] [INFO] default - iceman.morioka@gmail.com
[2019-10-12T16:43:19.193] [INFO] default - WoA7kYr7L7ZBq3OUeBe5yHoqR9V2
[2019-10-12T16:43:19.193] [INFO] default - iceman.morioka@gmail.com
[2019-10-12T16:43:19.199] [INFO] default - set photo: 80
[2019-10-12T16:43:19.523] [INFO] default - WoA7kYr7L7ZBq3OUeBe5yHoqR9V2
[2019-10-12T16:43:19.523] [INFO] default - iceman.morioka@gmail.com
[2019-10-12T16:44:10.947] [INFO] default - WoA7kYr7L7ZBq3OUeBe5yHoqR9V2
[2019-10-12T16:44:10.947] [INFO] default - iceman.morioka@gmail.com
[2019-10-12T16:44:17.328] [INFO] default - WoA7kYr7L7ZBq3OUeBe5yHoqR9V2
[2019-10-12T16:44:17.328] [INFO] default - iceman.morioka@gmail.com
[2019-10-12T16:44:34.465] [INFO] default - WoA7kYr7L7ZBq3OUeBe5yHoqR9V2
[2019-10-12T16:44:34.465] [INFO] default - iceman.morioka@gmail.com
[2019-10-12T16:44:55.136] [INFO] default - WoA7kYr7L7ZBq3OUeBe5yHoqR9V2
[2019-10-12T16:44:55.137] [INFO] default - iceman.morioka@gmail.com
[2019-10-12T16:45:06.830] [INFO] default - WoA7kYr7L7ZBq3OUeBe5yHoqR9V2
[2019-10-12T16:45:06.832] [INFO] default - iceman.morioka@gmail.com
[2019-10-12T16:45:13.799] [INFO] default - WoA7kYr7L7ZBq3OUeBe5yHoqR9V2
[2019-10-12T16:45:13.799] [INFO] default - iceman.morioka@gmail.com
[2019-10-12T16:45:20.209] [INFO] default - WoA7kYr7L7ZBq3OUeBe5yHoqR9V2
[2019-10-12T16:45:20.209] [INFO] default - iceman.morioka@gmail.com
[2019-10-12T16:45:20.237] [INFO] default - set photo: 80
[2019-10-12T16:45:21.834] [INFO] default - WoA7kYr7L7ZBq3OUeBe5yHoqR9V2
[2019-10-12T16:45:21.835] [INFO] default - iceman.morioka@gmail.com
[2019-10-12T16:45:29.392] [INFO] default - WoA7kYr7L7ZBq3OUeBe5yHoqR9V2
[2019-10-12T16:45:29.393] [INFO] default - iceman.morioka@gmail.com
[2019-10-12T16:45:29.402] [INFO] default - set photo: 80
[2019-10-12T16:45:31.126] [INFO] default - WoA7kYr7L7ZBq3OUeBe5yHoqR9V2
[2019-10-12T16:45:31.126] [INFO] default - iceman.morioka@gmail.com
[2019-10-12T16:48:08.412] [INFO] default - WoA7kYr7L7ZBq3OUeBe5yHoqR9V2
[2019-10-12T16:48:08.413] [INFO] default - iceman.morioka@gmail.com
